<?xml version="1.0" encoding="UTF-8"?>
<testng-results ignored="0" total="1" passed="1" failed="0" skipped="0">
  <reporter-output>
    <line>
      <![CDATA[Extent Report Directory: /Users/kawsar/Desktop/Projects/WebAutomation/com.realtor/target/surefire-reports/html]]>
    </line>
  </reporter-output>
  <suite started-at="2020-05-13T21:17:59Z" name="Automation Test" finished-at="2020-05-13T21:18:22Z" duration-ms="23318">
    <groups>
    </groups>
    <test started-at="2020-05-13T21:17:59Z" name="Ecommerce Home" finished-at="2020-05-13T21:18:22Z" duration-ms="23318">
      <class name="page_objects_test.HomePageTest">
        <test-method is-config="true" signature="extentSetup(org.testng.ITestContext)[pri:0, instance:page_objects_test.HomePageTest@281e3708]" started-at="2020-05-13T17:17:59Z" name="extentSetup" finished-at="2020-05-13T17:17:59Z" duration-ms="357" status="PASS">
          <params>
            <param index="0">
              <value>
                <![CDATA[org.testng.TestRunner@6ab72419]]>
              </value>
            </param>
          </params>
          <reporter-output>
            <line>
              <![CDATA[Extent Report Directory: /Users/kawsar/Desktop/Projects/WebAutomation/com.realtor/target/surefire-reports/html]]>
            </line>
          </reporter-output>
        </test-method> <!-- extentSetup -->
        <test-method is-config="true" signature="setUp(boolean, java.lang.String, java.lang.String, java.lang.String, java.lang.String, java.lang.String, java.lang.String)[pri:0, instance:page_objects_test.HomePageTest@281e3708]" started-at="2020-05-13T17:17:59Z" name="setUp" finished-at="2020-05-13T17:18:06Z" duration-ms="6998" status="PASS">
          <params>
            <param index="0">
              <value>
                <![CDATA[false]]>
              </value>
            </param>
            <param index="1">
              <value>
                <![CDATA[browserstack]]>
              </value>
            </param>
            <param index="2">
              <value>
                <![CDATA[mac]]>
              </value>
            </param>
            <param index="3">
              <value>
                <![CDATA[Mojave]]>
              </value>
            </param>
            <param index="4">
              <value>
                <![CDATA[chrome]]>
              </value>
            </param>
            <param index="5">
              <value>
                <![CDATA[81.0]]>
              </value>
            </param>
            <param index="6">
              <value>
                <![CDATA[http://realtor.com]]>
              </value>
            </param>
          </params>
          <reporter-output>
          </reporter-output>
        </test-method> <!-- setUp -->
        <test-method is-config="true" signature="startExtent(java.lang.reflect.Method)[pri:0, instance:page_objects_test.HomePageTest@281e3708]" started-at="2020-05-13T17:18:06Z" name="startExtent" finished-at="2020-05-13T17:18:06Z" duration-ms="12" status="PASS">
          <params>
            <param index="0">
              <value>
                <![CDATA[public void page_objects_test.HomePageTest.searchBarTest()]]>
              </value>
            </param>
          </params>
          <reporter-output>
          </reporter-output>
        </test-method> <!-- startExtent -->
        <test-method is-config="true" signature="initialiseElements()[pri:0, instance:page_objects_test.HomePageTest@281e3708]" started-at="2020-05-13T17:18:06Z" name="initialiseElements" finished-at="2020-05-13T17:18:06Z" duration-ms="60" status="PASS">
          <reporter-output>
          </reporter-output>
        </test-method> <!-- initialiseElements -->
        <test-method signature="searchBarTest()[pri:0, instance:page_objects_test.HomePageTest@281e3708]" started-at="2020-05-13T17:18:06Z" name="searchBarTest" finished-at="2020-05-13T17:18:21Z" duration-ms="15206" status="PASS">
          <reporter-output>
          </reporter-output>
        </test-method> <!-- searchBarTest -->
        <test-method is-config="true" signature="afterEachTestMethod(org.testng.ITestResult)[pri:0, instance:page_objects_test.HomePageTest@281e3708]" started-at="2020-05-13T17:18:21Z" name="afterEachTestMethod" finished-at="2020-05-13T17:18:22Z" duration-ms="1022" status="PASS">
          <params>
            <param index="0">
              <value>
                <![CDATA[[TestResult name=searchBarTest status=SUCCESS method=HomePageTest.searchBarTest()[pri:0, instance:page_objects_test.HomePageTest@281e3708] output={null}]]]>
              </value>
            </param>
          </params>
          <reporter-output>
          </reporter-output>
        </test-method> <!-- afterEachTestMethod -->
        <test-method is-config="true" signature="closeOut()[pri:0, instance:page_objects_test.HomePageTest@281e3708]" started-at="2020-05-13T17:18:22Z" name="closeOut" finished-at="2020-05-13T17:18:22Z" duration-ms="0" status="PASS">
          <reporter-output>
          </reporter-output>
        </test-method> <!-- closeOut -->
        <test-method is-config="true" signature="generateReport()[pri:0, instance:page_objects_test.HomePageTest@281e3708]" started-at="2020-05-13T17:18:22Z" name="generateReport" finished-at="2020-05-13T17:18:23Z" duration-ms="79" status="PASS">
          <reporter-output>
          </reporter-output>
        </test-method> <!-- generateReport -->
      </class> <!-- page_objects_test.HomePageTest -->
    </test> <!-- Ecommerce Home -->
  </suite> <!-- Automation Test -->
</testng-results>
