<?xml version="1.0" encoding="UTF-8"?>
<testsuite xmlns:xsi="http://www.w3.org/2001/XMLSchema-instance" xsi:schemaLocation="https://maven.apache.org/surefire/maven-surefire-plugin/xsd/surefire-test-report.xsd" name="TestSuite" time="32.155" tests="4" errors="0" skipped="0" failures="3">
  <properties>
[...]
</properties>
  <testcase name="loginTest" classname="page_objects_test.LoginPageTest" time="2.568">
    <failure message="expected [This is test data 1] but found [There is 1 error]" type="java.lang.AssertionError">java.lang.AssertionError: expected [This is test data 1] but found [There is 1 error]
	at page_objects_test.LoginPageTest.loginTest(LoginPageTest.java:52)
</failure>
    <system-out><![CDATA[outputDirectory: /Users/kawsar/Desktop/Projects/WebAutomation/automation_practice/target/surefire-reports/Automation Test
resultdir: /Users/kawsar/Desktop/Projects/WebAutomation/automation_practice/target/surefire-reports/html
Extent Report Directory: /Users/kawsar/Desktop/Projects/WebAutomation/automation_practice/target/surefire-reports/html
/Users/kawsar/Desktop/Projects/testData/TestSampleData.xlsx
CLick Sign In Button
Clicked Sign In Button
Send text to email address box
Text Sent to email address box
Send text to password box
Text Sent to password box
CLick submit button
Clicked submit button
Getting Text from errorMessage
Actual text: There is 1 error
]]></system-out>
    <system-err><![CDATA[May 10, 2020 12:37:20 AM com.relevantcodes.extentreports.ExtentReports loadConfig
WARNING: Unable to perform report configuration. The file /Users/kawsar/Desktop/Projects/WebAutomation/automation_practice/test-output/report-config.xml was not found.
May 10, 2020 12:37:21 AM org.openqa.selenium.remote.DesiredCapabilities chrome
INFO: Using `new ChromeOptions()` is preferred to `DesiredCapabilities.chrome()`
Starting ChromeDriver 81.0.4044.138 (8c6c7ba89cc9453625af54f11fd83179e23450fa-refs/branch-heads/4044@{#999}) on port 32266
Only local connections are allowed.
Please protect ports used by ChromeDriver and related test frameworks to prevent access by malicious code.
May 10, 2020 12:37:24 AM org.openqa.selenium.remote.ProtocolHandshake createSession
INFO: Detected dialect: W3C
[1589085446.114][SEVERE]: Timed out receiving message from renderer: 0.100
[1589085446.222][SEVERE]: Timed out receiving message from renderer: 0.100
[1589085446.330][SEVERE]: Timed out receiving message from renderer: 0.100
[1589085446.461][SEVERE]: Timed out receiving message from renderer: 0.100
[1589085446.645][SEVERE]: Timed out receiving message from renderer: 0.100
[1589085447.013][SEVERE]: Timed out receiving message from renderer: 0.100
[1589085447.154][SEVERE]: Timed out receiving message from renderer: 0.100
]]></system-err>
  </testcase>
  <testcase name="loginTest" classname="page_objects_test.LoginPageTest" time="2.213">
    <failure message="expected [This is test data 2] but found [There is 1 error]" type="java.lang.AssertionError">java.lang.AssertionError: expected [This is test data 2] but found [There is 1 error]
	at page_objects_test.LoginPageTest.loginTest(LoginPageTest.java:52)
</failure>
    <system-out><![CDATA[Screenshot captured
CLick Sign In Button
Clicked Sign In Button
Send text to email address box
Text Sent to email address box
Send text to password box
Text Sent to password box
CLick submit button
Clicked submit button
Getting Text from errorMessage
Actual text: There is 1 error
]]></system-out>
    <system-err><![CDATA[May 10, 2020 12:37:30 AM org.openqa.selenium.remote.DesiredCapabilities chrome
INFO: Using `new ChromeOptions()` is preferred to `DesiredCapabilities.chrome()`
Starting ChromeDriver 81.0.4044.138 (8c6c7ba89cc9453625af54f11fd83179e23450fa-refs/branch-heads/4044@{#999}) on port 1199
Only local connections are allowed.
Please protect ports used by ChromeDriver and related test frameworks to prevent access by malicious code.
May 10, 2020 12:37:33 AM org.openqa.selenium.remote.ProtocolHandshake createSession
INFO: Detected dialect: W3C
[1589085454.771][SEVERE]: Timed out receiving message from renderer: 0.100
[1589085454.873][SEVERE]: Timed out receiving message from renderer: 0.100
[1589085455.008][SEVERE]: Timed out receiving message from renderer: 0.100
[1589085455.275][SEVERE]: Timed out receiving message from renderer: 0.100
[1589085455.694][SEVERE]: Timed out receiving message from renderer: 0.100
[1589085455.798][SEVERE]: Timed out receiving message from renderer: 0.100
[1589085455.907][SEVERE]: Timed out receiving message from renderer: 0.100
]]></system-err>
  </testcase>
  <testcase name="loginTest" classname="page_objects_test.LoginPageTest" time="2.325">
    <failure message="expected [This is test data 3] but found [There is 1 error]" type="java.lang.AssertionError">java.lang.AssertionError: expected [This is test data 3] but found [There is 1 error]
	at page_objects_test.LoginPageTest.loginTest(LoginPageTest.java:52)
</failure>
    <system-out><![CDATA[Screenshot captured
CLick Sign In Button
Clicked Sign In Button
Send text to email address box
Text Sent to email address box
Send text to password box
Text Sent to password box
CLick submit button
Clicked submit button
Getting Text from errorMessage
Actual text: There is 1 error
]]></system-out>
    <system-err><![CDATA[May 10, 2020 12:37:38 AM org.openqa.selenium.remote.DesiredCapabilities chrome
INFO: Using `new ChromeOptions()` is preferred to `DesiredCapabilities.chrome()`
Starting ChromeDriver 81.0.4044.138 (8c6c7ba89cc9453625af54f11fd83179e23450fa-refs/branch-heads/4044@{#999}) on port 22805
Only local connections are allowed.
Please protect ports used by ChromeDriver and related test frameworks to prevent access by malicious code.
May 10, 2020 12:37:40 AM org.openqa.selenium.remote.ProtocolHandshake createSession
INFO: Detected dialect: W3C
[1589085461.997][SEVERE]: Timed out receiving message from renderer: 0.100
[1589085462.100][SEVERE]: Timed out receiving message from renderer: 0.100
[1589085462.226][SEVERE]: Timed out receiving message from renderer: 0.100
[1589085462.469][SEVERE]: Timed out receiving message from renderer: 0.100
[1589085462.815][SEVERE]: Timed out receiving message from renderer: 0.100
[1589085463.004][SEVERE]: Timed out receiving message from renderer: 0.100
[1589085464.140][SEVERE]: Timed out receiving message from renderer: 0.100
]]></system-err>
  </testcase>
  <testcase name="searchTest" classname="page_objects_test.HomePageTest" time="1.366"/>
</testsuite>